<?xml version="1.0" encoding="UTF-8"?>
<!-- Generated by org.testng.reporters.JUnitReportReporter -->
<testsuite name="com.tester.cases.UpdateUserInfoTest" tests="2" time="4.155" ignored="0" failures="0" timestamp="11 六月 2020 07:32:21 GMT" skipped="0" hostname="DESKTOP-VVUCI2M" errors="0">
  <testcase name="updateUserInfo" time="2.117" classname="com.tester.cases.UpdateUserInfoTest"/>
  <testcase name="deleteUser" time="2.038" classname="com.tester.cases.UpdateUserInfoTest"/>
</testsuite> <!-- com.tester.cases.UpdateUserInfoTest -->
