<?xml version="1.0" encoding="UTF-8"?>
<!-- Generated by org.testng.reporters.JUnitReportReporter -->
<testsuite name="com.tester.cases.AddUserTest" tests="1" time="2.210" ignored="0" failures="0" timestamp="11 六月 2020 07:32:21 GMT" skipped="0" hostname="DESKTOP-VVUCI2M" errors="0">
  <testcase name="addUser" time="2.210" classname="com.tester.cases.AddUserTest"/>
</testsuite> <!-- com.tester.cases.AddUserTest -->
