<?xml version="1.0" encoding="UTF-8"?>
<!-- Generated by org.testng.reporters.JUnitReportReporter -->
<testsuite name="com.tester.cases.LoginTest" tests="2" time="0.865" ignored="0" failures="0" timestamp="11 六月 2020 07:32:21 GMT" skipped="0" hostname="DESKTOP-VVUCI2M" errors="0">
  <testcase name="loginTrue" time="0.817" classname="com.tester.cases.LoginTest"/>
  <testcase name="loginFalse" time="0.048" classname="com.tester.cases.LoginTest"/>
</testsuite> <!-- com.tester.cases.LoginTest -->
