<?xml version="1.0" encoding="UTF-8"?>
<!-- Generated by org.testng.reporters.JUnitReportReporter -->
<testsuite name="com.tester.cases.GetUserInfoTest" tests="1" time="2.072" ignored="0" failures="0" timestamp="11 六月 2020 07:32:21 GMT" skipped="0" hostname="DESKTOP-VVUCI2M" errors="0">
  <testcase name="getUserInfo" time="2.072" classname="com.tester.cases.GetUserInfoTest"/>
</testsuite> <!-- com.tester.cases.GetUserInfoTest -->
